#
# There is insufficient memory for the Java Runtime Environment to continue.
# Native memory allocation (malloc) failed to allocate 1048576 bytes for AllocateHeap
# Possible reasons:
#   The system is out of physical RAM or swap space
#   The process is running with CompressedOops enabled, and the Java Heap may be blocking the growth of the native heap
# Possible solutions:
#   Reduce memory load on the system
#   Increase physical memory or swap space
#   Check if swap backing store is full
#   Decrease Java heap size (-Xmx/-Xms)
#   Decrease number of Java threads
#   Decrease Java thread stack sizes (-Xss)
#   Set larger code cache with -XX:ReservedCodeCacheSize=
#   JVM is running with Unscaled Compressed Oops mode in which the Java heap is
#     placed in the first 4GB address space. The Java Heap base address is the
#     maximum limit for the native heap growth. Please use -XX:HeapBaseMinAddress
#     to set the Java Heap base and to place the Java Heap above 4GB virtual address.
# This output file may be truncated or incomplete.
#
#  Out of Memory Error (memory/allocation.inline.hpp:61), pid=18632, tid=0x000000000000731c
#
# JRE version:  (8.0_241-b07) (build )
# Java VM: Java HotSpot(TM) 64-Bit Server VM (25.241-b07 mixed mode windows-amd64 compressed oops)
# Failed to write core dump. Minidumps are not enabled by default on client versions of Windows
#

---------------  T H R E A D  ---------------

Current thread (0x0000000003082800):  JavaThread "Unknown thread" [_thread_in_vm, id=29468, stack(0x0000000002f00000,0x0000000003000000)]

Stack: [0x0000000002f00000,0x0000000003000000]
[error occurred during error reporting (printing stack bounds), id 0xc0000005]

Native frames: (J=compiled Java code, j=interpreted, Vv=VM code, C=native code)


---------------  P R O C E S S  ---------------

Java Threads: ( => current thread )

Other Threads:

=>0x0000000003082800 (exited) JavaThread "Unknown thread" [_thread_in_vm, id=29468, stack(0x0000000002f00000,0x0000000003000000)]

VM state:not at safepoint (normal execution)

VM Mutex/Monitor currently owned by a thread: None

heap address: 0x0000000082000000, size: 2016 MB, Compressed Oops mode: 32-bit
Narrow klass base: 0x0000000000000000, Narrow klass shift: 3
Compressed class space size: 1073741824 Address: 0x0000000100000000

Heap:
 PSYoungGen      total 37888K, used 655K [0x00000000d6000000, 0x00000000d8a00000, 0x0000000100000000)
  eden space 32768K, 2% used [0x00000000d6000000,0x00000000d60a3d80,0x00000000d8000000)
  from space 5120K, 0% used [0x00000000d8500000,0x00000000d8500000,0x00000000d8a00000)
  to   space 5120K, 0% used [0x00000000d8000000,0x00000000d8000000,0x00000000d8500000)
 ParOldGen       total 86016K, used 0K [0x0000000082000000, 0x0000000087400000, 0x00000000d6000000)
  object space 86016K, 0% used [0x0000000082000000,0x0000000082000000,0x0000000087400000)
 Metaspace       used 754K, capacity 1092K, committed 1152K, reserved 1060864K
  class space    used 76K, capacity 384K, committed 384K, reserved 1048576K

Card table byte_map: [0x0000000012540000,0x0000000012940000] byte_map_base: 0x0000000012130000

Marking Bits: (ParMarkBitMap*) 0x0000000067c1be30
 Begin Bits: [0x0000000012fe0000, 0x0000000014f60000)
 End Bits:   [0x0000000014f60000, 0x0000000016ee0000)

Polling page: 0x0000000001660000

CodeCache: size=245760Kb used=328Kb max_used=328Kb free=245431Kb
 bounds [0x0000000003180000, 0x00000000033f0000, 0x0000000012180000]
 total_blobs=58 nmethods=0 adapters=38
 compilation: enabled

Compilation events (0 events):
No events

GC Heap History (0 events):
No events

Deoptimization events (0 events):
No events

Classes redefined (0 events):
No events

Internal exceptions (0 events):
No events

Events (10 events):
Event: 0.036 loading class java/lang/Short
Event: 0.036 loading class java/lang/Short done
Event: 0.036 loading class java/lang/Integer
Event: 0.036 loading class java/lang/Integer done
Event: 0.036 loading class java/lang/Long
Event: 0.036 loading class java/lang/Long done
Event: 0.037 loading class java/lang/NullPointerException
Event: 0.037 loading class java/lang/NullPointerException done
Event: 0.037 loading class java/lang/ArithmeticException
Event: 0.037 loading class java/lang/ArithmeticException done


Dynamic libraries:
0x00007ff61a800000 - 0x00007ff61a837000 	C:\Program Files\Java\jre1.8.0_241\bin\javaw.exe
0x00007ff8be080000 - 0x00007ff8be270000 	C:\WINDOWS\SYSTEM32\ntdll.dll
0x00007ff8bcdc0000 - 0x00007ff8bce72000 	C:\WINDOWS\System32\KERNEL32.DLL
0x00007ff8bba60000 - 0x00007ff8bbd04000 	C:\WINDOWS\System32\KERNELBASE.dll
0x00007ff8bca40000 - 0x00007ff8bcae3000 	C:\WINDOWS\System32\ADVAPI32.dll
0x00007ff8bc800000 - 0x00007ff8bc89e000 	C:\WINDOWS\System32\msvcrt.dll
0x00007ff8bd460000 - 0x00007ff8bd4f7000 	C:\WINDOWS\System32\sechost.dll
0x00007ff8bcaf0000 - 0x00007ff8bcc10000 	C:\WINDOWS\System32\RPCRT4.dll
0x00007ff8bd530000 - 0x00007ff8bd6c4000 	C:\WINDOWS\System32\USER32.dll
0x00007ff8bb100000 - 0x00007ff8bb121000 	C:\WINDOWS\System32\win32u.dll
0x00007ff8bd8d0000 - 0x00007ff8bd8f6000 	C:\WINDOWS\System32\GDI32.dll
0x00007ff8bbdc0000 - 0x00007ff8bbf55000 	C:\WINDOWS\System32\gdi32full.dll
0x00007ff8bb060000 - 0x00007ff8bb0fe000 	C:\WINDOWS\System32\msvcp_win.dll
0x00007ff8bb960000 - 0x00007ff8bba5a000 	C:\WINDOWS\System32\ucrtbase.dll
0x00007ff8a7e20000 - 0x00007ff8a80a4000 	C:\WINDOWS\WinSxS\amd64_microsoft.windows.common-controls_6595b64144ccf1df_6.0.18362.900_none_e6beb9d913147d17\COMCTL32.dll
0x00007ff8bc430000 - 0x00007ff8bc765000 	C:\WINDOWS\System32\combase.dll
0x00007ff8bbd40000 - 0x00007ff8bbdc0000 	C:\WINDOWS\System32\bcryptPrimitives.dll
0x00007ff8bd500000 - 0x00007ff8bd52e000 	C:\WINDOWS\System32\IMM32.DLL
0x0000000067230000 - 0x0000000067302000 	C:\Program Files\Java\jre1.8.0_241\bin\msvcr100.dll
0x00000000673f0000 - 0x0000000067c9c000 	C:\Program Files\Java\jre1.8.0_241\bin\server\jvm.dll
0x00007ff8bcc10000 - 0x00007ff8bcc18000 	C:\WINDOWS\System32\PSAPI.DLL
0x00007ff8a4420000 - 0x00007ff8a4429000 	C:\WINDOWS\SYSTEM32\WSOCK32.dll
0x00007ff8b7610000 - 0x00007ff8b7634000 	C:\WINDOWS\SYSTEM32\WINMM.dll
0x00007ff8bd800000 - 0x00007ff8bd86f000 	C:\WINDOWS\System32\WS2_32.dll
0x00007ff8a8b50000 - 0x00007ff8a8b5a000 	C:\WINDOWS\SYSTEM32\VERSION.dll
0x00007ff8b75e0000 - 0x00007ff8b760d000 	C:\WINDOWS\SYSTEM32\WINMMBASE.dll
0x00007ff8bc0b0000 - 0x00007ff8bc0fa000 	C:\WINDOWS\System32\cfgmgr32.dll
0x00007ff8b7230000 - 0x00007ff8b723f000 	C:\Program Files\Java\jre1.8.0_241\bin\verify.dll
0x00007ff8aa1e0000 - 0x00007ff8aa209000 	C:\Program Files\Java\jre1.8.0_241\bin\java.dll
0x00007ff8b33e0000 - 0x00007ff8b33f6000 	C:\Program Files\Java\jre1.8.0_241\bin\zip.dll

VM Arguments:
jvm_args: -Dfile.encoding=Cp1252 
java_command: _03_IntroToStacks._02_TextUndoRedo
java_class_path (initial): C:\Program Files\Java\jre1.8.0_241\lib\resources.jar;C:\Program Files\Java\jre1.8.0_241\lib\rt.jar;C:\Program Files\Java\jre1.8.0_241\lib\jsse.jar;C:\Program Files\Java\jre1.8.0_241\lib\jce.jar;C:\Program Files\Java\jre1.8.0_241\lib\charsets.jar;C:\Program Files\Java\jre1.8.0_241\lib\jfr.jar;C:\Program Files\Java\jre1.8.0_241\lib\ext\access-bridge-64.jar;C:\Program Files\Java\jre1.8.0_241\lib\ext\cldrdata.jar;C:\Program Files\Java\jre1.8.0_241\lib\ext\dnsns.jar;C:\Program Files\Java\jre1.8.0_241\lib\ext\jaccess.jar;C:\Program Files\Java\jre1.8.0_241\lib\ext\jfxrt.jar;C:\Program Files\Java\jre1.8.0_241\lib\ext\localedata.jar;C:\Program Files\Java\jre1.8.0_241\lib\ext\nashorn.jar;C:\Program Files\Java\jre1.8.0_241\lib\ext\sunec.jar;C:\Program Files\Java\jre1.8.0_241\lib\ext\sunjce_provider.jar;C:\Program Files\Java\jre1.8.0_241\lib\ext\sunmscapi.jar;C:\Program Files\Java\jre1.8.0_241\lib\ext\sunpkcs11.jar;C:\Program Files\Java\jre1.8.0_241\lib\ext\zipfs.jar;C:\Users\advai\.p2\pool\plugins\org.junit.jupiter.api_5.1.0.v20180327-1502.jar;C:\Users\advai\.p2\pool\plugins\org.junit.jupiter.engine_5.1.0.v20180327-1502.jar;C:\Users\advai\.p2\pool\plugins\org.junit.jupiter.migrationsupport_5.1.0.v20180327-1502.jar;C:\Users\advai\.p2\pool\plugins\org.junit.jupiter.params_5.1.0.v20180327-1502.jar;C:\Users\advai\.p2\pool\plugins\org.junit.platform.commons_1.1.0.v20180327-1502.jar;C:\Users\advai\.p2\pool\plugins\org.junit.platform.engine_1.1.0.v20180327-1502.jar;C:\Users\advai\.p2\pool\plugins\org.junit.platform.launcher_1.1.0.v20180327-1502.jar;C:\Users\advai\.p2\pool\plugins\org.junit.platform.runner_1.1.0.v20180327-1502.jar;C:\Users\advai\.p2\pool\plugins\org.junit.platform.suite.api_1.1.0.v20180327-1502.jar;C:\Users\advai\.p2\pool\plugins\org.junit.vintage.engine_5.1.0.v20180327-1502.jar;C:\Users\advai\.p2\pool\plugins\org.opentest4j_1.0.0.v20180327-1502.jar;C:\Users\advai\.p2\pool\plugins\org.apiguardian_1.0.0.v20180327-1502.jar;C:\Users\advai\.p2
Launcher Type: SUN_STANDARD

Environment Variables:
PATH=C:/Program Files/Java/jre1.8.0_241/bin/server;C:/Program Files/Java/jre1.8.0_241/bin;C:/Program Files/Java/jre1.8.0_241/lib/amd64;C:\Program Files (x86)\Common Files\Oracle\Java\javapath;C:\WINDOWS\system32;C:\WINDOWS;C:\WINDOWS\System32\Wbem;C:\WINDOWS\System32\WindowsPowerShell\v1.0\;C:\Program Files (x86)\IVI Foundation\VISA\WinNT\Bin;C:\WINDOWS\System32\OpenSSH\;C:\Program Files\Intel\WiFi\bin\;C:\Program Files\Common Files\Intel\WirelessCommon\;C:\Program Files (x86)\Intel\Intel(R) Management Engine Components\DAL;C:\Program Files\Intel\Intel(R) Management Engine Components\DAL;C:\Users\advai\Anaconda3;C:\Users\advai\Anaconda3\Library\mingw-w64\bin;C:\Users\advai\Anaconda3\Library\usr\bin;C:\Users\advai\Anaconda3\Library\bin;C:\Users\advai\Anaconda3\Scripts;C:\Users\advai\AppData\Local\Programs\Python\Python37-32\Scripts\;C:\Users\advai\AppData\Local\Programs\Python\Python37-32\;C:\Users\advai\AppData\Local\Microsoft\WindowsApps;C:\Users\advai\AppData\Local\atom\bin;C:\Users\advai\AppData\Local\Microsoft\WindowsApps;C:\Users\advai\AppData\Local\GitHubDesktop\bin;C:\Users\advai\OneDrive\Desktop;
USERNAME=advai
OS=Windows_NT
PROCESSOR_IDENTIFIER=Intel64 Family 6 Model 142 Stepping 9, GenuineIntel



---------------  S Y S T E M  ---------------

OS: Windows 10.0 , 64 bit Build 18362 (10.0.18362.900)

CPU:total 4 (initial active 4) (2 cores per cpu, 2 threads per core) family 6 model 142 stepping 9, cmov, cx8, fxsr, mmx, sse, sse2, sse3, ssse3, sse4.1, sse4.2, popcnt, avx, avx2, aes, clmul, erms, 3dnowpref, lzcnt, ht, tsc, tscinvbit, bmi1, bmi2, adx

Memory: 4k page, physical 8251560k(1224856k free), swap 33417384k(5432k free)

vm_info: Java HotSpot(TM) 64-Bit Server VM (25.241-b07) for windows-amd64 JRE (1.8.0_241-b07), built on Dec 11 2019 10:21:40 by "rejava" with MS VC++ 10.0 (VS2010)

time: Mon Jul 06 16:17:54 2020
timezone: Pacific Daylight Time
elapsed time: 0 seconds (0d 0h 0m 0s)

